2026-01-26 03:35:21,075 - INFO - Game started
2026-01-26 03:35:23,680 - INFO - Player exited the game
2026-01-26 03:35:30,397 - INFO - Game started
2026-01-26 03:35:33,472 - INFO - Difficulty selected: easy
2026-01-26 03:35:36,008 - INFO - Win | difficulty = easy | number = 8
2026-01-26 03:35:40,664 - INFO - Difficulty selected: medium
2026-01-26 03:35:56,841 - INFO - Loss | difficulty = medium | number = 80
2026-01-26 03:36:06,689 - INFO - Difficulty selected: hard
2026-01-26 03:36:18,145 - INFO - Win | difficulty = hard | number = 796
2026-01-26 03:36:25,400 - INFO - Returned to menu
2026-01-26 03:36:26,457 - INFO - Player exited the game
2026-01-26 08:46:11,590 - INFO - Note: NumExpr detected 20 cores but "NUMEXPR_MAX_THREADS" not set, so enforcing safe limit of 8.
2026-01-26 08:46:11,591 - INFO - NumExpr defaulting to 8 threads.
2026-01-26 08:48:25,139 - INFO - Game started
2026-01-26 08:48:30,990 - INFO - Difficulty selected: medium
2026-01-26 08:48:55,753 - INFO - Game started
2026-01-26 08:48:59,054 - INFO - Difficulty selected: medium
2026-01-26 08:58:29,343 - INFO - Game started
2026-01-26 08:58:32,415 - INFO - Difficulty selected: medium
2026-01-26 08:59:00,947 - INFO - Game started
2026-01-26 08:59:03,997 - INFO - Difficulty selected: medium
2026-01-26 08:59:28,822 - INFO - Loss | difficulty = medium | number = 38
2026-01-26 08:59:36,766 - INFO - Player exited the game
2026-01-26 09:00:31,818 - INFO - Game started
2026-01-26 09:00:35,054 - INFO - Difficulty selected: medium
2026-01-26 09:00:50,854 - INFO - Win | difficulty = medium | number = 70
2026-01-26 09:00:54,686 - INFO - Player exited the game
2026-01-26 09:01:21,495 - INFO - Game started
2026-01-26 09:01:24,589 - INFO - Difficulty selected: hard
2026-01-26 09:01:44,303 - INFO - Loss | difficulty = hard | number = 92
2026-01-26 09:01:50,047 - INFO - Player exited the game
2026-01-26 09:04:28,679 - INFO - Game started
2026-01-26 09:04:33,054 - INFO - Difficulty selected: medium
2026-01-26 09:04:45,190 - INFO - Win | difficulty = medium | number = 94
2026-01-26 09:04:48,103 - INFO - Player exited the game
2026-01-26 09:05:00,673 - INFO - Game started
2026-01-26 09:05:03,255 - INFO - Difficulty selected: hard
2026-01-26 09:05:13,998 - INFO - Loss | difficulty = hard | number = 31
2026-01-26 09:05:17,759 - INFO - Player exited the game
2026-01-26 09:09:24,679 - INFO - Game started
2026-01-26 09:09:27,767 - INFO - Difficulty selected: easy
2026-01-26 09:09:34,374 - INFO - Win | difficulty = easy | number = 4
2026-01-26 09:09:38,287 - INFO - Player exited the game
2026-01-26 09:10:07,328 - INFO - Game started
2026-01-26 09:10:10,854 - INFO - Difficulty selected: medium
2026-01-26 09:10:30,168 - INFO - Loss | difficulty = medium | number = 31
2026-01-26 09:10:36,479 - INFO - Player exited the game
2026-01-26 09:10:55,181 - INFO - Game started
2026-01-26 09:10:58,774 - INFO - Difficulty selected: medium
2026-01-26 09:11:36,190 - INFO - Game started
2026-01-26 09:11:42,919 - INFO - Player exited the game
2026-01-26 09:11:53,687 - INFO - Game started
2026-01-26 09:11:57,101 - INFO - Difficulty selected: medium
2026-01-26 09:13:46,076 - INFO - Game started
2026-01-26 09:13:49,614 - INFO - Difficulty selected: medium
2026-01-26 09:14:31,668 - INFO - Game started
2026-01-26 09:14:34,126 - INFO - Difficulty selected: easy
2026-01-26 09:14:38,431 - INFO - Win | difficulty = easy | number = 1
2026-01-26 09:14:43,573 - INFO - Win | difficulty = easy | number = 5
2026-01-26 09:14:49,894 - INFO - Difficulty selected: medium
2026-01-26 09:15:06,974 - INFO - Win | difficulty = medium | number = 34
2026-01-26 09:15:10,615 - INFO - Player exited the game
2026-01-26 09:15:32,387 - INFO - Game started
2026-01-26 09:15:34,758 - INFO - Difficulty selected: medium
2026-01-26 09:15:49,086 - INFO - Loss | difficulty = medium | number = 2
2026-01-26 09:15:56,870 - INFO - Difficulty selected: hard
2026-01-26 09:16:05,615 - INFO - Loss | difficulty = hard | number = 988
2026-01-26 09:16:10,320 - INFO - Player exited the game
2026-01-26 09:16:59,597 - INFO - Game started
2026-01-26 09:17:02,278 - INFO - Difficulty selected: easy
2026-01-26 09:17:10,382 - INFO - Win | difficulty = easy | number = 9
2026-01-26 09:17:16,390 - INFO - Difficulty selected: medium
2026-01-26 09:17:30,734 - INFO - Win | difficulty = medium | number = 8
2026-01-26 09:17:36,574 - INFO - Player exited the game
2026-01-26 09:17:45,243 - INFO - Game started
2026-01-26 09:17:48,151 - INFO - Difficulty selected: hard
2026-01-26 09:17:51,622 - INFO - Loss | difficulty = hard | number = 648
2026-01-26 09:17:55,919 - INFO - Difficulty selected: easy
2026-01-26 09:18:08,511 - INFO - Win | difficulty = easy | number = 2
2026-01-26 09:18:11,687 - INFO - Player exited the game
2026-01-26 09:18:29,586 - INFO - Game started
2026-01-26 09:18:32,823 - INFO - Difficulty selected: medium
2026-01-26 09:18:42,774 - INFO - Win | difficulty = medium | number = 53
2026-01-26 09:18:53,312 - INFO - Win | difficulty = medium | number = 87
2026-01-26 09:19:18,551 - INFO - Win | difficulty = medium | number = 50
2026-01-26 09:19:21,662 - INFO - Player exited the game
2026-01-26 09:20:51,655 - INFO - Game started
2026-01-26 09:20:55,430 - INFO - Difficulty selected: easy
2026-01-26 09:21:03,790 - INFO - Win | difficulty = easy | number = 9
2026-01-26 09:21:10,494 - INFO - Win | difficulty = easy | number = 5
2026-01-26 09:21:15,006 - INFO - Difficulty selected: hard
2026-01-26 09:21:24,760 - INFO - Loss | difficulty = hard | number = 178
2026-01-26 09:21:27,640 - INFO - Player exited the game
2026-01-26 09:21:41,945 - INFO - Game started
2026-01-26 09:21:44,142 - INFO - Difficulty selected: easy
2026-01-26 09:21:50,102 - INFO - Win | difficulty = easy | number = 2
2026-01-26 09:21:57,438 - INFO - Difficulty selected: medium
2026-01-26 09:22:16,742 - INFO - Win | difficulty = medium | number = 57
2026-01-26 09:22:27,535 - INFO - Win | difficulty = medium | number = 84
2026-01-26 09:22:44,590 - INFO - Win | difficulty = medium | number = 70
2026-01-26 09:22:48,247 - INFO - Player exited the game
2026-01-26 09:24:32,604 - INFO - Game started
2026-01-26 09:24:35,071 - INFO - Difficulty selected: easy
2026-01-26 09:24:39,128 - INFO - Win | difficulty = easy | number = 5
2026-01-26 09:24:42,815 - INFO - Player exited the game
2026-01-26 09:24:56,590 - INFO - Game started
2026-01-26 09:24:58,991 - INFO - Difficulty selected: easy
2026-01-26 09:25:04,810 - INFO - Win | difficulty = easy | number = 2
2026-01-26 09:25:07,418 - INFO - Player exited the game
2026-01-26 09:26:04,119 - INFO - Game started
2026-01-26 09:26:06,458 - INFO - Difficulty selected: easy
2026-01-26 09:26:10,561 - INFO - Win | difficulty = easy | number = 2
2026-01-26 09:26:12,682 - INFO - Player exited the game
2026-01-26 09:26:34,918 - INFO - Game started
2026-01-26 09:26:39,074 - INFO - Difficulty selected: easy
2026-01-26 09:26:43,033 - INFO - Win | difficulty = easy | number = 3
2026-01-26 09:26:47,225 - INFO - Difficulty selected: medium
2026-01-26 09:26:56,874 - INFO - Win | difficulty = medium | number = 42
2026-01-26 09:27:00,131 - INFO - Player exited the game
2026-01-26 09:36:23,483 - INFO - Game started
2026-01-26 09:38:14,261 - INFO - Game started
2026-01-26 09:40:20,350 - INFO - Game started
2026-01-26 09:40:28,626 - INFO - Player exited the game
2026-01-26 09:40:36,821 - INFO - Game started
2026-01-26 09:40:44,555 - INFO - Player exited the game
2026-01-26 09:44:04,517 - INFO - Game started
2026-01-26 09:44:17,962 - INFO - Player exited the game
2026-01-26 09:44:34,240 - INFO - Game started
2026-01-26 09:44:41,794 - INFO - Player exited the game
2026-01-26 09:45:17,288 - INFO - Game started
2026-01-26 09:45:28,699 - INFO - Player exited the game
2026-01-26 09:46:18,760 - INFO - Game started
2026-01-26 09:46:32,339 - INFO - Player exited the game
2026-01-26 09:50:22,320 - INFO - Game started
2026-01-26 09:50:34,218 - INFO - Player exited the game
2026-01-26 09:50:48,138 - INFO - Game started
2026-01-26 09:51:05,220 - INFO - Player exited the game
2026-01-26 12:39:54,452 - INFO - Game started
2026-01-26 12:40:03,438 - INFO - Returned to menu
2026-01-26 12:40:30,525 - INFO - Difficulty selected: easy
2026-01-26 12:40:33,997 - INFO - Win | difficulty = easy | number = 5
2026-01-26 12:40:39,765 - INFO - Player ended the game
2026-01-26 12:40:41,742 - INFO - Player exited the game
2026-01-26 12:41:00,523 - INFO - Game started
2026-01-26 12:41:07,709 - INFO - Difficulty selected: hard
2026-01-26 12:41:10,958 - INFO - Loss | difficulty = hard | number = 323
2026-01-26 12:41:16,837 - INFO - Player ended the game
2026-01-26 12:41:21,055 - INFO - Player exited the game
2026-01-26 18:58:07,912 - INFO - Game started
2026-01-26 18:58:32,892 - INFO - Player exited the game
2026-01-26 18:59:04,914 - INFO - Game started
2026-01-26 18:59:24,109 - INFO - Player exited the game
2026-01-26 18:59:43,660 - INFO - Game started
2026-01-26 18:59:52,541 - INFO - Player exited the game
2026-01-26 18:59:59,861 - INFO - Game started
2026-01-26 19:00:12,781 - INFO - Player exited the game
2026-01-26 19:00:27,457 - INFO - Game started
2026-01-26 19:00:43,965 - INFO - Returned to menu
2026-01-26 19:00:45,965 - INFO - Player exited the game
2026-01-26 19:01:12,124 - INFO - Game started
2026-01-26 19:01:18,516 - INFO - Difficulty selected: easy
2026-01-26 19:01:26,308 - INFO - Win | difficulty = easy | number = 6
2026-01-26 19:01:28,213 - INFO - Player ended t
2026-01-26 19:01:30,485 - INFO - Player exited the game
2026-01-26 19:02:22,693 - INFO - Game started
2026-01-26 19:02:25,756 - INFO - Difficulty selected: easy
2026-01-26 19:02:35,957 - INFO - Win | difficulty = easy | number = 3
2026-01-26 19:02:38,724 - INFO - Player ended t
2026-01-26 19:02:39,365 - INFO - Player exited the game
2026-01-26 19:03:25,240 - INFO - Game started
2026-01-26 19:03:27,988 - INFO - Difficulty selected: easy
2026-01-26 19:03:30,532 - INFO - Win | difficulty = easy | number = 4
2026-01-26 19:03:35,188 - INFO - Player started a new game on the same difficulty
2026-01-26 19:03:43,196 - INFO - Win | difficulty = easy | number = 6
2026-01-26 19:03:51,060 - INFO - Player ended t
2026-01-26 19:03:52,549 - INFO - Player exited the game
2026-01-26 19:06:18,670 - INFO - Game started
2026-01-26 19:06:23,389 - INFO - Difficulty selected: easy
2026-01-26 19:06:33,381 - INFO - Win | difficulty = easy | number = 3
2026-01-26 19:06:43,508 - INFO - Player started a new game on the same difficulty
2026-01-26 19:06:58,253 - INFO - Win | difficulty = easy | number = 9
2026-01-26 19:07:01,013 - INFO - Player ended the game
2026-01-26 19:07:01,821 - INFO - Player exited the game
2026-01-26 19:19:42,700 - INFO - Game started
2026-01-26 19:19:46,492 - INFO - Difficulty selected: medium
2026-01-26 19:20:23,160 - INFO - Game started
2026-01-26 19:20:25,997 - INFO - Difficulty selected: medium
2026-01-26 19:21:33,844 - INFO - Game started
2026-01-26 19:21:37,749 - INFO - Difficulty selected: medium
2026-01-26 19:22:02,908 - INFO - Loss | difficulty = medium | number = 28
2026-01-26 19:22:11,614 - INFO - Player ended the game
2026-01-26 19:22:12,365 - INFO - Player exited the game
2026-01-26 19:22:55,951 - INFO - Game started
2026-01-26 19:22:59,460 - INFO - Difficulty selected: medium
2026-01-26 19:23:24,756 - INFO - Loss | difficulty = medium | number = 79
2026-01-26 19:23:28,484 - INFO - Player ended the game
2026-01-26 19:23:29,269 - INFO - Player exited the game
2026-01-26 19:25:19,012 - INFO - Game started
2026-01-26 19:25:27,900 - INFO - Difficulty selected: easy
2026-01-26 19:25:35,101 - INFO - Win | difficulty = easy | number = 1
2026-01-26 19:25:39,164 - INFO - Player ended the game
2026-01-26 19:25:42,477 - INFO - Difficulty selected: medium
2026-01-26 19:25:57,508 - INFO - Win | difficulty = medium | number = 71
2026-01-26 19:26:06,909 - INFO - Player ended the game
2026-01-26 19:26:10,308 - INFO - Difficulty selected: hard
2026-01-26 19:26:21,285 - INFO - Loss | difficulty = hard | number = 151
2026-01-26 19:26:46,724 - INFO - Player ended the game
2026-01-26 19:26:47,846 - INFO - Player exited the game
2026-01-26 19:28:09,601 - INFO - Game started
2026-01-26 19:28:17,956 - INFO - Returned to menu
2026-01-26 19:28:38,956 - INFO - Player exited the game
2026-01-26 19:29:28,006 - INFO - Game started
2026-01-26 19:29:37,877 - INFO - Player exited the game
2026-01-26 19:38:59,254 - INFO - Game started
2026-01-26 19:39:02,484 - INFO - Difficulty selected: easy
2026-01-26 19:39:07,301 - INFO - Win | difficulty = easy | number = 1
2026-01-26 19:39:09,789 - INFO - Player started a new game on the same difficulty
2026-01-26 19:39:14,341 - INFO - Win | difficulty = easy | number = 4
2026-01-26 19:39:16,109 - INFO - Player ended the game
2026-01-26 19:39:17,309 - INFO - Player exited the game
2026-01-26 20:06:36,904 - INFO - Game started
2026-01-26 20:06:41,814 - INFO - Difficulty selected: easy
2026-01-26 20:06:45,981 - INFO - Win | difficulty = easy | number = 6
2026-01-26 20:06:48,733 - INFO - Player started a new game on the same difficulty
2026-01-26 20:06:54,454 - INFO - Win | difficulty = easy | number = 1
2026-01-26 20:06:57,581 - INFO - Player ended the game
2026-01-26 20:06:59,255 - INFO - Player exited the game
2026-01-27 23:23:11,515 - INFO - Game started
2026-01-27 23:23:16,664 - INFO - Difficulty selected: easy
2026-01-27 23:23:18,305 - INFO - Win | difficulty = easy | number = 5
2026-01-27 23:23:20,352 - INFO - Player ended the game
2026-01-27 23:23:21,001 - INFO - Player exited the game
2026-01-27 23:23:50,889 - INFO - Game started
2026-01-27 23:23:54,312 - INFO - Difficulty selected: easy
2026-01-27 23:24:02,056 - INFO - Win | difficulty = easy | number = 10
2026-01-27 23:24:05,064 - INFO - Player started a new game on the same difficulty
2026-01-27 23:24:10,192 - INFO - Win | difficulty = easy | number = 7
2026-01-27 23:24:11,560 - INFO - Player ended the game
2026-01-27 23:24:12,472 - INFO - Player exited the game
2026-01-27 23:24:31,427 - INFO - Game started
2026-01-27 23:24:34,224 - INFO - Difficulty selected: easy
2026-01-27 23:24:35,815 - INFO - Win | difficulty = easy | number = 5
2026-01-27 23:24:37,456 - INFO - Player started a new game on the same difficulty
2026-01-27 23:24:43,856 - INFO - Win | difficulty = easy | number = 1
2026-01-27 23:24:45,937 - INFO - Player started a new game on the same difficulty
2026-01-27 23:24:48,304 - INFO - Win | difficulty = easy | number = 5
2026-01-27 23:24:49,841 - INFO - Player ended the game
2026-01-27 23:24:50,625 - INFO - Player exited the game
2026-01-27 23:30:51,940 - INFO - Game started
2026-01-27 23:31:01,824 - INFO - Difficulty selected: hard
2026-01-27 23:31:08,104 - INFO - Loss | difficulty = hard | number = 483
2026-01-27 23:31:11,640 - INFO - Player started a new game on the same difficulty
2026-01-27 23:31:19,826 - INFO - Loss | difficulty = hard | number = 404
2026-01-27 23:31:22,640 - INFO - Player ended the game
2026-01-27 23:31:44,793 - INFO - Player exited the game
2026-01-28 00:01:39,279 - INFO - Game started
2026-01-28 00:01:55,513 - INFO - Player exited the game
2026-01-28 00:02:09,069 - INFO - Game started
2026-01-28 00:02:15,569 - INFO - Difficulty selected: easy
2026-01-28 00:03:00,636 - INFO - Game started
2026-01-28 00:03:03,864 - INFO - Difficulty selected: easy
2026-01-28 00:03:07,081 - INFO - Win | difficulty = easy | number = 6
2026-01-28 00:03:11,281 - INFO - Player ended the game
2026-01-28 00:03:14,329 - INFO - Difficulty selected: medium
2026-01-28 00:03:29,281 - INFO - Win | difficulty = medium | number = 8
2026-01-28 00:03:35,161 - INFO - Player ended the game
2026-01-28 00:03:40,271 - INFO - Difficulty selected: hard
2026-01-28 00:03:50,681 - INFO - Loss | difficulty = hard | number = 353
2026-01-28 00:03:58,433 - INFO - Player ended the game
2026-01-28 00:04:00,455 - INFO - Player exited the game
2026-01-28 00:05:31,896 - INFO - Game started
2026-01-28 00:05:34,913 - INFO - Difficulty selected: easy
2026-01-28 00:05:40,714 - INFO - Win | difficulty = easy | number = 10
2026-01-28 00:05:43,057 - INFO - Player ended the game
2026-01-28 00:05:46,040 - INFO - Difficulty selected: medium
2026-01-28 00:06:00,986 - INFO - Loss | difficulty = medium | number = 19
2026-01-28 00:06:04,120 - INFO - Player ended the game
2026-01-28 00:06:09,313 - INFO - Difficulty selected: hard
2026-01-28 00:06:26,456 - INFO - Loss | difficulty = hard | number = 492
2026-01-28 00:06:28,840 - INFO - Player ended the game
2026-01-28 00:06:40,936 - INFO - Player exited the game
2026-01-28 00:14:29,732 - INFO - Game started
2026-01-28 00:14:51,704 - INFO - Player exited the game
2026-01-28 00:14:52,823 - INFO - Game started
2026-01-28 00:15:21,015 - INFO - Player exited the game
2026-01-28 00:32:03,554 - INFO - Game started
2026-01-28 00:32:15,167 - INFO - Difficulty selected: easy
2026-01-28 00:33:04,781 - INFO - Game started
2026-01-28 00:33:14,175 - INFO - Difficulty selected: easy
2026-01-28 00:33:18,329 - INFO - Win | difficulty = easy | number = 3
2026-01-28 00:33:21,033 - INFO - Player ended the game
2026-01-28 00:33:25,847 - INFO - Difficulty selected: medium
2026-01-28 00:33:34,544 - INFO - Win | difficulty = medium | number = 46
2026-01-28 00:33:35,942 - INFO - Player ended the game
2026-01-28 00:33:42,696 - INFO - Difficulty selected: hard
2026-01-28 00:33:53,279 - INFO - Win | difficulty = hard | number = 400
2026-01-28 00:33:55,975 - INFO - Player ended the game
2026-01-28 00:34:31,664 - INFO - Player exited the game
2026-01-28 00:36:56,881 - INFO - Game started
2026-01-28 00:37:15,224 - INFO - Player exited the game
2026-01-28 00:39:43,643 - INFO - Game started
2026-01-28 00:40:01,362 - INFO - Player exited the game
2026-01-28 00:40:57,126 - INFO - Game started
2026-01-28 00:41:19,567 - INFO - Game started
2026-01-28 00:51:39,067 - INFO - Game started
2026-01-28 00:51:53,826 - INFO - Player exited the game
2026-01-28 00:53:30,847 - INFO - Game started
2026-01-28 00:53:45,338 - INFO - Difficulty selected: easy
2026-01-28 00:53:47,794 - INFO - Win | difficulty = easy | number = 4
2026-01-28 00:53:49,082 - INFO - Player ended the game
2026-01-28 00:53:51,922 - INFO - Difficulty selected: medium
2026-01-28 00:54:08,180 - INFO - Loss | difficulty = medium | number = 80
2026-01-28 00:54:10,361 - INFO - Player ended the game
2026-01-28 00:54:13,018 - INFO - Difficulty selected: hard
2026-01-28 00:54:26,154 - INFO - Loss | difficulty = hard | number = 531
2026-01-28 00:54:28,339 - INFO - Player ended the game
2026-01-28 00:55:54,330 - INFO - Player exited the game
2026-01-28 00:56:53,704 - INFO - Game started
2026-01-28 00:57:23,162 - INFO - Difficulty selected: easy
2026-01-28 00:57:26,835 - INFO - Win | difficulty = easy | number = 5
2026-01-28 00:57:29,281 - INFO - Player ended the game
2026-01-28 00:57:33,315 - INFO - Difficulty selected: medium
2026-01-28 00:57:58,587 - INFO - Loss | difficulty = medium | number = 7
2026-01-28 00:58:01,417 - INFO - Player ended the game
2026-01-28 00:58:03,866 - INFO - Difficulty selected: hard
2026-01-28 00:58:12,643 - INFO - Loss | difficulty = hard | number = 49
2026-01-28 00:58:14,698 - INFO - Player ended the game
2026-01-28 00:58:51,011 - INFO - Player exited the game
2026-01-28 01:03:11,029 - INFO - Game started
2026-01-28 01:03:19,810 - INFO - Player exited the game
2026-01-28 01:03:29,673 - INFO - Game started
2026-01-28 01:04:06,634 - INFO - Player exited the game
2026-01-28 01:08:22,501 - INFO - Game started
2026-01-28 01:08:26,082 - INFO - Difficulty selected: medium
2026-01-28 01:08:51,347 - INFO - Loss | difficulty = medium | number = 94
2026-01-28 01:08:53,986 - INFO - Player ended the game
2026-01-28 01:09:20,946 - INFO - Player exited the game
2026-01-28 01:09:44,134 - INFO - Game started
2026-01-28 01:09:52,322 - INFO - Player exited the game
2026-01-28 17:19:06,065 - INFO - Game started
2026-01-28 17:19:11,540 - INFO - Mode selected: Guess
2026-01-28 17:19:20,349 - INFO - Returned to menu
2026-01-28 17:19:24,988 - INFO - Mode selected: Guess
2026-01-28 17:19:28,509 - INFO - Returned to menu
2026-01-28 17:19:29,491 - INFO - Player exited the game
2026-01-28 17:20:55,375 - INFO - Game started
2026-01-28 17:21:03,804 - INFO - Mode selected: Guess
2026-01-28 17:21:06,060 - INFO - Returned to menu
2026-01-28 17:21:06,957 - INFO - Player exited the game
2026-01-28 17:21:34,272 - INFO - Game started
2026-01-28 17:21:39,629 - INFO - Mode selected: Guess
2026-01-28 17:21:41,749 - INFO - Difficulty selected: easy
2026-01-28 17:21:45,533 - INFO - Win | difficulty = guess_easy | number = 3
2026-01-28 17:21:54,437 - INFO - Player ended the game
2026-01-28 17:21:55,437 - INFO - Player exited the game
2026-01-28 18:35:20,108 - INFO - Game started
2026-01-28 18:35:23,300 - INFO - Mode selected: Guess
2026-01-28 18:35:25,565 - INFO - Difficulty selected: easy
2026-01-28 18:35:35,525 - INFO - Win | difficulty = guess_easy | number = 2
2026-01-28 18:35:36,957 - INFO - Player ended the game
2026-01-28 18:35:38,076 - INFO - Player exited the game
2026-01-28 18:36:42,236 - INFO - Game started
2026-01-28 18:36:47,052 - INFO - Mode selected: Guess
2026-01-28 18:36:48,500 - INFO - Difficulty selected: easy
2026-01-28 18:36:54,669 - INFO - Win | difficulty = guess_easy | number = 9
2026-01-28 18:36:57,204 - INFO - Player ended the game
2026-01-28 18:36:58,396 - INFO - Player exited the game
2026-01-28 18:37:11,656 - INFO - Game started
2026-01-28 18:37:15,044 - INFO - Mode selected: Guess
2026-01-28 18:37:16,956 - INFO - Difficulty selected: medium
2026-01-28 18:37:34,453 - INFO - Loss | difficulty = guess_medium | number = 92
2026-01-28 18:37:36,829 - INFO - Player ended the game
2026-01-28 18:38:14,764 - INFO - Mode selected: Guess
2026-01-28 18:38:16,140 - INFO - Difficulty selected: easy
2026-01-28 18:38:20,213 - INFO - Win | difficulty = guess_easy | number = 9
2026-01-28 18:38:21,548 - INFO - Player ended the game
2026-01-28 18:38:28,627 - INFO - Player exited the game
2026-01-28 18:39:59,815 - INFO - Game started
2026-01-28 18:40:02,804 - INFO - Mode selected: Match
2026-01-28 18:40:07,979 - INFO - Difficulty selected: easy
2026-01-28 18:40:46,892 - INFO - Game started
2026-01-28 18:40:49,772 - INFO - Mode selected: Match
2026-01-28 18:40:51,100 - INFO - Difficulty selected: easy
2026-01-28 18:41:07,959 - INFO - Game started
2026-01-28 18:41:10,780 - INFO - Mode selected: Match
2026-01-28 18:41:12,284 - INFO - Difficulty selected: easy
2026-01-28 18:43:03,595 - INFO - Game started
2026-01-28 18:43:05,876 - INFO - Mode selected: Match
2026-01-28 18:43:07,228 - INFO - Difficulty selected: easy
2026-01-28 18:46:02,465 - INFO - Game started
2026-01-28 18:46:05,693 - INFO - Mode selected: Match
2026-01-28 18:46:07,691 - INFO - Difficulty selected: easy
2026-01-28 18:47:23,050 - INFO - Game started
2026-01-28 18:47:25,957 - INFO - Mode selected: Match
2026-01-28 18:47:27,253 - INFO - Difficulty selected: easy
2026-01-28 18:47:58,141 - INFO - Game started
2026-01-28 18:48:01,452 - INFO - Mode selected: Match
2026-01-28 18:48:02,380 - INFO - Difficulty selected: easy
2026-01-28 18:49:00,867 - INFO - Game started
2026-01-28 18:49:03,924 - INFO - Mode selected: Match
2026-01-28 18:49:05,364 - INFO - Difficulty selected: easy
2026-01-28 18:50:15,734 - INFO - Game started
2026-01-28 18:50:18,084 - INFO - Mode selected: Match
2026-01-28 18:50:19,668 - INFO - Difficulty selected: easy
2026-01-28 18:51:10,725 - INFO - Game started
2026-01-28 18:51:13,044 - INFO - Mode selected: Match
2026-01-28 18:51:14,108 - INFO - Difficulty selected: easy
2026-01-28 18:52:53,365 - INFO - Game started
2026-01-28 18:52:55,547 - INFO - Mode selected: Match
2026-01-28 18:52:56,460 - INFO - Difficulty selected: easy
2026-01-28 18:53:37,159 - INFO - Game started
2026-01-28 18:53:39,637 - INFO - Mode selected: Match
2026-01-28 18:53:40,325 - INFO - Difficulty selected: easy
2026-01-28 18:56:52,180 - INFO - Game started
2026-01-28 18:56:54,868 - INFO - Mode selected: Match
2026-01-28 18:56:55,940 - INFO - Difficulty selected: easy
2026-01-28 18:58:11,628 - INFO - Game started
2026-01-28 18:58:14,253 - INFO - Mode selected: Match
2026-01-28 18:58:15,027 - INFO - Difficulty selected: easy
2026-01-28 18:59:44,199 - INFO - Game started
2026-01-28 18:59:46,348 - INFO - Mode selected: Match
2026-01-28 18:59:47,276 - INFO - Difficulty selected: easy
2026-01-28 19:00:10,792 - INFO - Game started
2026-01-28 19:00:14,485 - INFO - Mode selected: Match
2026-01-28 19:00:15,516 - INFO - Difficulty selected: easy
2026-01-28 19:00:43,755 - INFO - Game started
2026-01-28 19:00:46,204 - INFO - Mode selected: Match
2026-01-28 19:00:47,628 - INFO - Difficulty selected: easy
2026-01-28 19:03:11,817 - INFO - Game started
2026-01-28 19:03:14,211 - INFO - Mode selected: Match
2026-01-28 19:03:15,164 - INFO - Difficulty selected: easy
2026-01-28 19:03:57,879 - INFO - Game started
2026-01-28 19:04:00,523 - INFO - Mode selected: Match
2026-01-28 19:04:01,251 - INFO - Difficulty selected: easy
2026-01-28 19:04:17,732 - INFO - Game started
2026-01-28 19:04:20,524 - INFO - Mode selected: Match
2026-01-28 19:04:25,155 - INFO - Difficulty selected: easy
2026-01-28 19:07:54,565 - INFO - Game started
2026-01-28 19:07:57,204 - INFO - Mode selected: Match
2026-01-28 19:07:58,162 - INFO - Difficulty selected: easy
2026-01-28 19:08:25,522 - INFO - Game started
2026-01-28 19:08:29,075 - INFO - Mode selected: Match
2026-01-28 19:08:30,099 - INFO - Difficulty selected: easy
2026-01-28 19:09:04,918 - INFO - Game started
2026-01-28 19:09:07,211 - INFO - Mode selected: Match
2026-01-28 19:09:07,972 - INFO - Difficulty selected: easy
2026-01-28 19:10:38,921 - INFO - Game started
2026-01-28 19:10:41,731 - INFO - Mode selected: Match
2026-01-28 19:10:42,883 - INFO - Difficulty selected: easy
2026-01-28 19:11:10,873 - INFO - Game started
2026-01-28 19:11:13,820 - INFO - Mode selected: Match
2026-01-28 19:11:14,548 - INFO - Difficulty selected: easy
2026-01-28 19:13:53,741 - INFO - Game started
2026-01-28 19:13:56,139 - INFO - Mode selected: Match
2026-01-28 19:13:56,932 - INFO - Difficulty selected: easy
2026-01-28 19:15:06,019 - INFO - Game started
2026-01-28 19:15:08,692 - INFO - Mode selected: Match
2026-01-28 19:15:09,668 - INFO - Difficulty selected: easy
2026-01-28 19:16:28,261 - INFO - Game started
2026-01-28 19:16:30,835 - INFO - Mode selected: Match
2026-01-28 19:16:32,219 - INFO - Difficulty selected: medium
2026-01-28 19:16:58,336 - INFO - Game started
2026-01-28 19:17:00,804 - INFO - Mode selected: Match
2026-01-28 19:17:02,164 - INFO - Difficulty selected: easy
2026-01-28 19:18:02,487 - INFO - Game started
2026-01-28 19:18:05,164 - INFO - Mode selected: Match
2026-01-28 19:18:06,867 - INFO - Difficulty selected: easy
2026-01-28 19:20:20,199 - INFO - Game started
2026-01-28 19:20:22,651 - INFO - Mode selected: Guess
2026-01-28 19:20:23,875 - INFO - Difficulty selected: hard
2026-01-28 19:20:32,365 - INFO - Loss | difficulty = guess_hard | number = 2
2026-01-28 19:20:36,684 - INFO - Player ended the game
2026-01-28 19:20:51,219 - INFO - Player exited the game
2026-01-28 19:21:46,090 - INFO - Game started
2026-01-28 19:21:48,739 - INFO - Mode selected: Match
2026-01-28 19:21:49,467 - INFO - Difficulty selected: easy
2026-01-28 19:25:42,355 - INFO - Game started
2026-01-28 19:25:45,011 - INFO - Mode selected: Match
2026-01-28 19:25:45,915 - INFO - Difficulty selected: easy
2026-01-28 19:25:58,395 - INFO - Game started
2026-01-28 19:26:00,427 - INFO - Mode selected: Match
2026-01-28 19:26:01,515 - INFO - Difficulty selected: easy
2026-01-28 19:30:32,201 - INFO - Game started
2026-01-28 19:30:34,932 - INFO - Mode selected: Match
2026-01-28 19:30:36,236 - INFO - Difficulty selected: easy
2026-01-28 19:31:12,258 - INFO - Game started
2026-01-28 19:31:14,908 - INFO - Mode selected: Match
2026-01-28 19:31:16,115 - INFO - Difficulty selected: easy
2026-01-28 19:31:31,048 - INFO - Game started
2026-01-28 19:31:34,202 - INFO - Mode selected: Match
2026-01-28 19:31:35,723 - INFO - Difficulty selected: easy
2026-01-28 19:39:24,665 - INFO - Game started
2026-01-28 19:39:27,474 - INFO - Mode selected: Match
2026-01-28 19:39:28,772 - INFO - Difficulty selected: easy
2026-01-28 19:40:02,896 - INFO - Game started
2026-01-28 19:40:05,434 - INFO - Mode selected: Match
2026-01-28 19:40:06,315 - INFO - Difficulty selected: easy
2026-01-28 19:43:14,960 - INFO - Game started
2026-01-28 19:43:18,668 - INFO - Mode selected: Match
2026-01-28 19:43:19,371 - INFO - Difficulty selected: easy
2026-01-28 19:45:02,340 - INFO - Game started
2026-01-28 19:45:04,508 - INFO - Mode selected: Match
2026-01-28 19:45:05,371 - INFO - Difficulty selected: easy
2026-01-28 19:45:32,330 - INFO - Game started
2026-01-28 19:45:34,707 - INFO - Mode selected: Match
2026-01-28 19:45:35,723 - INFO - Difficulty selected: easy
2026-01-28 19:46:17,835 - INFO - Game started
2026-01-28 19:46:20,681 - INFO - Mode selected: Match
2026-01-28 19:46:22,777 - INFO - Difficulty selected: easy
2026-01-28 19:47:10,538 - INFO - Game started
2026-01-28 19:47:13,408 - INFO - Mode selected: Match
2026-01-28 19:47:14,506 - INFO - Difficulty selected: easy
2026-01-28 19:47:39,127 - INFO - Game started
2026-01-28 19:47:42,266 - INFO - Mode selected: Match
2026-01-28 19:47:43,010 - INFO - Difficulty selected: easy
2026-01-28 19:54:41,757 - INFO - Game started
2026-01-28 19:54:45,042 - INFO - Mode selected: Match
2026-01-28 19:54:47,153 - INFO - Difficulty selected: easy
2026-01-28 19:55:06,311 - INFO - Game started
2026-01-28 19:55:08,881 - INFO - Mode selected: Match
2026-01-28 19:55:09,761 - INFO - Difficulty selected: easy
2026-01-28 19:56:29,656 - INFO - Game started
2026-01-28 19:56:31,521 - INFO - Mode selected: Match
2026-01-28 19:56:32,328 - INFO - Difficulty selected: easy
2026-01-28 19:57:55,062 - INFO - Game started
2026-01-28 19:57:56,874 - INFO - Mode selected: Match
2026-01-28 19:57:57,984 - INFO - Difficulty selected: easy
2026-01-28 19:58:14,757 - INFO - Game started
2026-01-28 19:58:17,360 - INFO - Mode selected: Match
2026-01-28 19:58:18,042 - INFO - Difficulty selected: easy
2026-01-28 19:58:40,465 - INFO - Game started
2026-01-28 19:58:42,857 - INFO - Mode selected: Match
2026-01-28 19:58:43,784 - INFO - Difficulty selected: easy
2026-01-28 19:59:21,472 - INFO - Game started
2026-01-28 19:59:23,657 - INFO - Mode selected: Match
2026-01-28 19:59:24,305 - INFO - Difficulty selected: easy
2026-01-28 19:59:33,381 - INFO - Game started
2026-01-28 19:59:35,265 - INFO - Mode selected: Match
2026-01-28 19:59:36,641 - INFO - Difficulty selected: easy
2026-01-28 20:00:06,901 - INFO - Game started
2026-01-28 20:00:09,568 - INFO - Mode selected: Match
2026-01-28 20:00:10,303 - INFO - Difficulty selected: easy
2026-01-28 20:00:57,215 - INFO - Game started
2026-01-28 20:00:59,521 - INFO - Mode selected: Match
2026-01-28 20:01:00,153 - INFO - Difficulty selected: easy
2026-01-28 20:01:45,684 - INFO - Game started
2026-01-28 20:01:47,913 - INFO - Mode selected: Match
2026-01-28 20:01:48,681 - INFO - Difficulty selected: easy
2026-01-28 20:02:45,653 - INFO - Game started
2026-01-28 20:02:47,777 - INFO - Mode selected: Match
2026-01-28 20:02:48,424 - INFO - Difficulty selected: easy
2026-01-28 20:11:33,564 - INFO - Game started
2026-01-28 20:11:37,001 - INFO - Mode selected: Match
2026-01-28 20:11:37,841 - INFO - Difficulty selected: easy
2026-01-28 20:12:47,521 - INFO - Game started
2026-01-28 20:12:49,721 - INFO - Mode selected: Match
2026-01-28 20:12:50,753 - INFO - Difficulty selected: easy
2026-01-28 20:13:16,408 - INFO - Game started
2026-01-28 20:13:18,865 - INFO - Mode selected: Match
2026-01-28 20:13:19,553 - INFO - Difficulty selected: easy
2026-01-28 20:14:05,814 - INFO - Game started
2026-01-28 20:14:07,697 - INFO - Mode selected: Match
2026-01-28 20:14:08,832 - INFO - Difficulty selected: easy
2026-01-28 20:14:34,434 - INFO - Game started
2026-01-28 20:14:37,857 - INFO - Mode selected: Match
2026-01-28 20:14:38,601 - INFO - Difficulty selected: easy
2026-01-28 20:16:49,021 - INFO - Game started
2026-01-28 20:16:50,897 - INFO - Mode selected: Match
2026-01-28 20:16:51,424 - INFO - Difficulty selected: easy
2026-01-28 20:17:06,128 - INFO - Game started
2026-01-28 20:17:08,536 - INFO - Mode selected: Match
2026-01-28 20:17:09,089 - INFO - Difficulty selected: easy
2026-01-28 20:17:42,554 - INFO - Game started
2026-01-28 20:17:44,705 - INFO - Mode selected: Match
2026-01-28 20:17:45,362 - INFO - Difficulty selected: easy
2026-01-28 20:19:44,678 - INFO - Game started
2026-01-28 20:19:48,081 - INFO - Mode selected: Match
2026-01-28 20:19:49,047 - INFO - Difficulty selected: easy
2026-01-28 20:28:46,761 - INFO - Game started
2026-01-28 20:28:49,312 - INFO - Mode selected: Match
2026-01-28 20:28:50,169 - INFO - Difficulty selected: easy
2026-01-28 20:30:42,536 - INFO - Game started
2026-01-28 20:30:46,056 - INFO - Mode selected: Match
2026-01-28 20:30:46,696 - INFO - Difficulty selected: easy
2026-01-28 20:31:08,685 - INFO - Game started
2026-01-28 20:31:10,553 - INFO - Mode selected: Match
2026-01-28 20:31:11,241 - INFO - Difficulty selected: easy
2026-01-28 20:31:37,902 - INFO - Game started
2026-01-28 20:31:40,369 - INFO - Mode selected: Match
2026-01-28 20:31:41,193 - INFO - Difficulty selected: easy
2026-01-28 20:32:39,102 - INFO - Game started
2026-01-28 20:32:40,872 - INFO - Mode selected: Match
2026-01-28 20:32:41,504 - INFO - Difficulty selected: easy
2026-01-28 20:34:30,184 - INFO - Game started
2026-01-28 20:34:32,568 - INFO - Mode selected: Match
2026-01-28 20:34:33,256 - INFO - Difficulty selected: easy
2026-01-28 20:36:47,475 - INFO - Game started
2026-01-28 20:36:50,023 - INFO - Mode selected: Match
2026-01-28 20:36:51,712 - INFO - Difficulty selected: easy
2026-01-28 20:38:52,576 - INFO - Game started
2026-01-28 20:38:54,976 - INFO - Mode selected: Match
2026-01-28 20:38:55,689 - INFO - Difficulty selected: easy
2026-01-28 20:45:14,892 - INFO - Game started
2026-01-28 20:45:17,201 - INFO - Mode selected: Match
2026-01-28 20:45:17,920 - INFO - Difficulty selected: easy
2026-01-28 20:47:27,023 - INFO - Game started
2026-01-28 20:47:29,152 - INFO - Mode selected: Match
2026-01-28 20:47:29,873 - INFO - Difficulty selected: easy
2026-01-28 20:50:42,722 - INFO - Game started
2026-01-28 20:50:46,792 - INFO - Mode selected: Match
2026-01-28 20:50:47,584 - INFO - Difficulty selected: easy
2026-01-28 20:51:51,381 - INFO - Game started
2026-01-28 20:51:53,584 - INFO - Mode selected: Match
2026-01-28 20:51:54,112 - INFO - Difficulty selected: easy
2026-01-28 20:55:58,038 - INFO - Game started
2026-01-28 20:56:01,184 - INFO - Mode selected: Match
2026-01-28 20:56:01,969 - INFO - Difficulty selected: easy
2026-01-28 20:56:26,751 - INFO - Game started
2026-01-28 20:56:28,977 - INFO - Mode selected: Match
2026-01-28 20:56:29,528 - INFO - Difficulty selected: easy
2026-01-28 21:00:09,623 - INFO - Game started
2026-01-28 21:00:11,817 - INFO - Mode selected: Match
2026-01-28 21:00:12,560 - INFO - Difficulty selected: easy
2026-01-28 21:05:25,256 - INFO - Game started
2026-01-28 21:05:27,368 - INFO - Mode selected: Match
2026-01-28 21:05:28,200 - INFO - Difficulty selected: easy
2026-01-28 21:07:48,320 - INFO - Game started
2026-01-28 21:07:51,040 - INFO - Mode selected: Match
2026-01-28 21:07:51,824 - INFO - Difficulty selected: easy
2026-01-28 21:15:01,504 - INFO - Game started
2026-01-28 21:15:04,040 - INFO - Mode selected: Match
2026-01-28 21:15:04,768 - INFO - Difficulty selected: easy
2026-01-28 21:15:33,133 - INFO - Game started
2026-01-28 21:15:34,880 - INFO - Mode selected: Match
2026-01-28 21:15:35,433 - INFO - Difficulty selected: easy
2026-01-28 21:16:20,203 - INFO - Game started
2026-01-28 21:16:23,024 - INFO - Mode selected: Match
2026-01-28 21:16:23,768 - INFO - Difficulty selected: easy
2026-01-28 21:17:00,635 - INFO - Game started
2026-01-28 21:17:03,720 - INFO - Mode selected: Match
2026-01-28 21:17:04,280 - INFO - Difficulty selected: easy
2026-01-28 21:22:10,668 - INFO - Game started
2026-01-28 21:22:12,838 - INFO - Mode selected: Match
2026-01-28 21:22:13,599 - INFO - Difficulty selected: easy
2026-01-28 21:22:30,975 - INFO - Game started
2026-01-28 21:22:35,351 - INFO - Mode selected: Match
2026-01-28 21:22:35,968 - INFO - Difficulty selected: easy
2026-01-28 21:26:02,216 - INFO - Game started
2026-01-28 21:26:04,672 - INFO - Mode selected: Match
2026-01-28 21:26:05,335 - INFO - Difficulty selected: easy
2026-01-28 21:26:35,352 - INFO - Game started
2026-01-28 21:26:37,896 - INFO - Mode selected: Match
2026-01-28 21:26:38,503 - INFO - Difficulty selected: easy
2026-01-28 21:27:02,452 - INFO - Game started
2026-01-28 21:27:05,328 - INFO - Mode selected: Match
2026-01-28 21:27:06,079 - INFO - Difficulty selected: easy
2026-01-28 21:28:44,059 - INFO - Game started
2026-01-28 21:28:47,544 - INFO - Mode selected: Match
2026-01-28 21:28:48,176 - INFO - Difficulty selected: easy
2026-01-28 21:30:37,327 - INFO - Game started
2026-01-28 21:30:39,552 - INFO - Mode selected: Match
2026-01-28 21:30:40,288 - INFO - Difficulty selected: easy
2026-01-28 21:36:47,619 - INFO - Game started
2026-01-28 21:36:53,343 - INFO - Mode selected: Match
2026-01-28 21:36:54,447 - INFO - Difficulty selected: easy
2026-01-28 21:37:14,172 - INFO - Game started
2026-01-28 21:37:16,535 - INFO - Mode selected: Match
2026-01-28 21:37:17,151 - INFO - Difficulty selected: easy
2026-01-28 21:39:59,862 - INFO - Game started
2026-01-28 21:40:02,832 - INFO - Mode selected: Match
2026-01-28 21:40:03,536 - INFO - Difficulty selected: easy
2026-01-28 21:44:40,343 - INFO - Game started
2026-01-28 21:44:42,495 - INFO - Mode selected: Match
2026-01-28 21:44:43,095 - INFO - Difficulty selected: easy
2026-01-28 21:45:20,552 - INFO - Game started
2026-01-28 21:45:22,367 - INFO - Mode selected: Match
2026-01-28 21:45:23,096 - INFO - Difficulty selected: easy
2026-01-28 21:46:10,429 - INFO - Game started
2026-01-28 21:46:14,911 - INFO - Mode selected: Match
2026-01-28 21:46:16,223 - INFO - Difficulty selected: easy
2026-01-28 21:46:27,649 - INFO - Game started
2026-01-28 21:46:30,975 - INFO - Mode selected: Match
2026-01-28 21:46:32,232 - INFO - Difficulty selected: easy
2026-01-28 21:47:14,095 - INFO - Game started
2026-01-28 21:47:15,759 - INFO - Mode selected: Match
2026-01-28 21:47:16,342 - INFO - Difficulty selected: easy
2026-01-28 22:01:53,953 - INFO - Game started
2026-01-28 22:01:57,007 - INFO - Mode selected: Match
2026-01-28 22:01:57,782 - INFO - Difficulty selected: easy
2026-01-28 22:14:08,583 - INFO - Game started
2026-01-28 22:14:12,487 - INFO - Mode selected: Match
2026-01-28 22:14:13,238 - INFO - Difficulty selected: easy
2026-01-28 22:14:47,236 - INFO - Game started
2026-01-28 22:14:50,014 - INFO - Mode selected: Match
2026-01-28 22:14:50,654 - INFO - Difficulty selected: easy
2026-01-28 22:16:08,948 - INFO - Game started
2026-01-28 22:16:12,470 - INFO - Mode selected: Match
2026-01-28 22:16:13,967 - INFO - Difficulty selected: easy
2026-01-28 22:21:48,126 - INFO - Game started
2026-01-28 22:21:54,694 - INFO - Mode selected: Match
2026-01-28 22:21:55,573 - INFO - Difficulty selected: easy
2026-01-28 22:28:27,595 - INFO - Game started
2026-01-28 22:28:30,071 - INFO - Mode selected: Match
2026-01-28 22:28:31,367 - INFO - Difficulty selected: easy
2026-01-28 22:30:06,230 - INFO - Game started
2026-01-28 22:30:09,190 - INFO - Mode selected: Match
2026-01-28 22:30:10,582 - INFO - Difficulty selected: easy
2026-01-28 22:31:12,335 - INFO - Game started
2026-01-28 22:31:16,831 - INFO - Mode selected: Match
2026-01-28 22:31:17,647 - INFO - Difficulty selected: easy
2026-01-28 22:40:15,551 - INFO - Game started
2026-01-28 22:40:19,167 - INFO - Mode selected: Match
2026-01-28 22:40:20,054 - INFO - Difficulty selected: easy
2026-01-28 22:47:48,561 - INFO - Game started
2026-01-28 22:47:51,366 - INFO - Mode selected: Match
2026-01-28 22:47:52,112 - INFO - Difficulty selected: easy
2026-01-28 22:53:16,257 - INFO - Game started
2026-01-28 22:53:20,847 - INFO - Mode selected: Match
2026-01-28 22:53:22,646 - INFO - Difficulty selected: easy
2026-01-28 22:55:55,323 - INFO - Game started
2026-01-28 22:55:58,623 - INFO - Mode selected: Match
2026-01-28 22:55:59,413 - INFO - Difficulty selected: easy
2026-01-28 23:01:02,375 - INFO - Game started
2026-01-28 23:01:07,046 - INFO - Mode selected: Match
2026-01-28 23:01:07,686 - INFO - Difficulty selected: easy
2026-01-28 23:07:06,951 - INFO - Game started
2026-01-28 23:07:10,957 - INFO - Mode selected: Match
2026-01-28 23:07:11,613 - INFO - Difficulty selected: easy
2026-01-28 23:08:23,174 - INFO - Player ended the game
2026-01-28 23:08:24,462 - INFO - Player exited the game
2026-01-28 23:09:39,854 - INFO - Game started
2026-01-28 23:09:43,326 - INFO - Mode selected: Match
2026-01-28 23:09:44,053 - INFO - Difficulty selected: easy
2026-01-28 23:10:13,181 - INFO - Player started a new game on the same difficulty
2026-01-28 23:19:28,122 - INFO - Game started
2026-01-28 23:19:31,021 - INFO - Mode selected: Match
2026-01-28 23:19:32,630 - INFO - Difficulty selected: easy
2026-01-28 23:20:01,053 - INFO - Player started a new game on the same difficulty
2026-01-28 23:29:20,491 - INFO - Game started
2026-01-28 23:29:23,534 - INFO - Mode selected: Match
2026-01-28 23:29:24,374 - INFO - Difficulty selected: easy
2026-01-28 23:31:34,066 - INFO - Game started
2026-01-28 23:31:36,757 - INFO - Mode selected: Match
2026-01-28 23:31:37,622 - INFO - Difficulty selected: easy
2026-01-28 23:32:03,226 - INFO - Game started
2026-01-28 23:32:05,493 - INFO - Mode selected: Match
2026-01-28 23:32:06,293 - INFO - Difficulty selected: easy
2026-01-28 23:32:44,871 - INFO - Game started
2026-01-28 23:32:47,381 - INFO - Mode selected: Match
2026-01-28 23:32:48,084 - INFO - Difficulty selected: easy
2026-01-28 23:33:28,347 - INFO - Game started
2026-01-28 23:33:31,286 - INFO - Mode selected: Match
2026-01-28 23:33:32,046 - INFO - Difficulty selected: easy
2026-01-28 23:33:57,221 - INFO - Player started a new game on the same difficulty
2026-01-28 23:34:21,949 - INFO - Player ended the game
2026-01-28 23:34:24,302 - INFO - Player exited the game
2026-01-28 23:51:33,499 - INFO - Game started
2026-01-28 23:51:39,046 - INFO - Mode selected: Match
2026-01-28 23:51:40,406 - INFO - Difficulty selected: easy
2026-01-28 23:52:13,420 - INFO - Player started a new game on the same difficulty
2026-01-28 23:52:38,613 - INFO - Player ended the game
2026-01-28 23:52:42,070 - INFO - Player exited the game
2026-01-28 23:53:21,850 - INFO - Game started
2026-01-28 23:53:47,381 - INFO - Mode selected: Guess
2026-01-28 23:53:48,461 - INFO - Difficulty selected: easy
2026-01-28 23:53:57,406 - INFO - Win | difficulty = guess_easy | number = 10
2026-01-28 23:53:59,773 - INFO - Player ended the game
2026-01-28 23:54:16,829 - INFO - Player exited the game
2026-01-29 00:03:33,585 - INFO - Game started
2026-01-29 00:03:39,169 - INFO - Game started
2026-01-29 00:03:50,314 - INFO - Game started
2026-01-29 00:04:54,013 - INFO - Mode selected: Guess
2026-01-29 00:04:55,364 - INFO - Difficulty selected: easy
2026-01-29 00:05:00,294 - INFO - Win | difficulty = guess_easy | number = 6
2026-01-29 00:05:02,332 - INFO - Player ended the game
2026-01-29 00:05:18,828 - INFO - Player exited the game
2026-01-29 00:05:39,772 - INFO - Game started
2026-01-29 00:05:43,837 - INFO - Mode selected: Guess
2026-01-29 00:05:45,324 - INFO - Difficulty selected: easy
2026-01-29 00:05:47,070 - INFO - Win | difficulty = guess_easy | number = 1
2026-01-29 00:05:48,981 - INFO - Player ended the game
2026-01-29 00:06:00,157 - INFO - Player exited the game
2026-01-29 00:07:01,638 - INFO - Game started
2026-01-29 00:07:04,709 - INFO - Mode selected: Guess
2026-01-29 00:07:07,885 - INFO - Difficulty selected: hard
2026-01-29 00:07:18,286 - INFO - Loss | difficulty = guess_hard | number = 30
2026-01-29 00:07:21,413 - INFO - Player ended the game
2026-01-29 00:07:39,957 - INFO - Player exited the game
2026-01-29 00:08:54,047 - INFO - Game started
2026-01-29 00:08:56,149 - INFO - Player exited the game
2026-01-29 00:14:33,639 - INFO - Game started
2026-01-29 00:14:46,925 - INFO - Player exited the game
2026-01-29 00:14:53,521 - INFO - Game started
2026-01-29 00:15:01,957 - INFO - Game started
2026-01-29 00:15:08,046 - INFO - Mode selected: Guess
2026-01-29 00:15:12,133 - INFO - Difficulty selected: easy
2026-01-29 00:15:15,582 - INFO - Win | difficulty = guess_easy | number = 8
2026-01-29 00:15:17,636 - INFO - Player ended the game
2026-01-29 00:15:19,886 - INFO - Mode selected: Guess
2026-01-29 00:15:22,013 - INFO - Difficulty selected: medium
2026-01-29 00:15:35,237 - INFO - Win | difficulty = guess_medium | number = 19
2026-01-29 00:15:38,206 - INFO - Player ended the game
2026-01-29 00:15:41,134 - INFO - Mode selected: Guess
2026-01-29 00:15:42,149 - INFO - Difficulty selected: hard
2026-01-29 00:15:51,518 - INFO - Loss | difficulty = guess_hard | number = 202
2026-01-29 00:15:53,317 - INFO - Player ended the game
2026-01-29 00:16:27,564 - INFO - Player exited the game
2026-01-29 00:17:10,283 - INFO - Game started
2026-01-29 00:17:13,597 - INFO - Mode selected: Guess
2026-01-29 00:17:15,045 - INFO - Difficulty selected: easy
2026-01-29 00:17:20,102 - INFO - Win | difficulty = guess_easy | number = 1
2026-01-29 00:17:21,334 - INFO - Player ended the game
2026-01-29 00:17:24,597 - INFO - Mode selected: Guess
2026-01-29 00:17:26,157 - INFO - Difficulty selected: medium
2026-01-29 00:17:40,271 - INFO - Loss | difficulty = guess_medium | number = 93
2026-01-29 00:17:42,606 - INFO - Player ended the game
2026-01-29 00:17:48,350 - INFO - Mode selected: Guess
2026-01-29 00:17:50,101 - INFO - Difficulty selected: hard
2026-01-29 00:17:58,942 - INFO - Loss | difficulty = guess_hard | number = 969
2026-01-29 00:18:01,421 - INFO - Player ended the game
2026-01-29 00:18:15,661 - INFO - Player exited the game
2026-01-29 00:18:53,579 - INFO - Game started
2026-01-29 00:20:34,470 - INFO - Game started
2026-01-29 00:20:40,285 - INFO - Player returned to menu
2026-01-29 00:20:41,909 - INFO - Player exited the game
2026-01-29 00:21:01,951 - INFO - Game started
2026-01-29 00:21:06,173 - INFO - Player returned to menu
2026-01-29 00:21:14,213 - INFO - Mode selected: Guess
2026-01-29 00:21:16,269 - INFO - Difficulty selected: medium
2026-01-29 00:21:19,500 - INFO - Loss | difficulty = guess_medium | number = 25
2026-01-29 00:21:21,309 - INFO - Player ended the game
2026-01-29 00:21:23,470 - INFO - Mode selected: Guess
2026-01-29 00:21:25,181 - INFO - Difficulty selected: hard
2026-01-29 00:21:27,542 - INFO - Loss | difficulty = guess_hard | number = 146
2026-01-29 00:21:28,981 - INFO - Player ended the game
2026-01-29 00:21:35,637 - INFO - Player exited the game
2026-01-29 00:25:12,034 - INFO - Game started
2026-01-29 00:25:15,078 - INFO - Mode selected: Match
2026-01-29 00:25:18,053 - INFO - Difficulty selected: medium
2026-01-29 00:27:42,930 - INFO - Game started
2026-01-29 00:27:45,773 - INFO - Mode selected: Match
2026-01-29 00:27:48,741 - INFO - Difficulty selected: easy
2026-01-29 00:28:12,861 - INFO - Player ended the game
2026-01-29 00:28:16,381 - INFO - Mode selected: Guess
2026-01-29 00:28:17,581 - INFO - Difficulty selected: easy
2026-01-29 00:28:21,702 - INFO - Win | difficulty = guess_easy | number = 9
2026-01-29 00:28:23,133 - INFO - Player ended the game
2026-01-29 00:28:26,181 - INFO - Mode selected: Guess
2026-01-29 00:28:27,661 - INFO - Difficulty selected: medium
2026-01-29 00:28:42,166 - INFO - Loss | difficulty = guess_medium | number = 7
2026-01-29 00:28:44,389 - INFO - Player ended the game
2026-01-29 00:28:46,501 - INFO - Mode selected: Guess
2026-01-29 00:28:48,060 - INFO - Difficulty selected: hard
2026-01-29 00:28:57,150 - INFO - Loss | difficulty = guess_hard | number = 916
2026-01-29 00:28:58,814 - INFO - Player ended the game
2026-01-29 00:29:12,557 - INFO - Player exited the game
2026-01-29 14:30:46,735 - INFO - Game started
2026-01-29 14:30:49,824 - INFO - Mode selected: Match
2026-01-29 14:30:51,385 - INFO - Difficulty selected: easy
2026-01-29 14:32:02,952 - INFO - Game started
2026-01-29 14:32:05,320 - INFO - Mode selected: Match
2026-01-29 14:32:06,264 - INFO - Difficulty selected: easy
2026-01-29 14:32:53,030 - INFO - Game started
2026-01-29 14:32:54,936 - INFO - Mode selected: Match
2026-01-29 14:32:56,336 - INFO - Difficulty selected: easy
2026-01-29 14:34:25,269 - INFO - Game started
2026-01-29 14:34:28,385 - INFO - Mode selected: Match
2026-01-29 14:34:29,217 - INFO - Difficulty selected: easy
2026-01-29 14:35:48,623 - INFO - Game started
2026-01-29 14:35:50,473 - INFO - Mode selected: Match
2026-01-29 14:35:51,073 - INFO - Difficulty selected: easy
2026-01-29 14:36:18,681 - INFO - Player ended the game
2026-01-29 14:36:21,417 - INFO - Player exited the game
2026-01-29 14:38:31,075 - INFO - Game started
2026-01-29 14:38:33,345 - INFO - Mode selected: Match
2026-01-29 14:38:34,032 - INFO - Difficulty selected: easy
2026-01-29 14:39:45,495 - INFO - Game started
2026-01-29 14:39:47,209 - INFO - Mode selected: Match
2026-01-29 14:39:47,824 - INFO - Difficulty selected: easy
2026-01-29 14:40:11,743 - INFO - Game started
2026-01-29 14:40:14,321 - INFO - Mode selected: Match
2026-01-29 14:40:14,968 - INFO - Difficulty selected: easy
2026-01-29 14:40:41,752 - INFO - Player started a new game on the same difficulty
2026-01-29 14:41:10,817 - INFO - Player ended the game
2026-01-29 14:41:13,097 - INFO - Player exited the game
2026-01-29 14:47:04,099 - INFO - Game started
2026-01-29 14:47:08,351 - INFO - Mode selected: Match
2026-01-29 14:47:09,808 - INFO - Difficulty selected: easy
2026-01-29 14:47:18,736 - INFO - Player ended the game
2026-01-29 14:47:20,120 - INFO - Player exited the game
2026-01-29 14:48:39,606 - INFO - Game started
2026-01-29 14:48:41,600 - INFO - Mode selected: Match
2026-01-29 14:48:42,369 - INFO - Difficulty selected: easy
2026-01-29 14:49:11,888 - INFO - Player started a new game on the same difficulty
2026-01-29 14:50:00,928 - INFO - Player ended the game
2026-01-29 14:50:01,730 - INFO - Player exited the game
2026-01-29 15:02:52,776 - INFO - Game started
2026-01-29 15:02:56,161 - INFO - Mode selected: Match
2026-01-29 15:02:59,361 - INFO - Difficulty selected: medium
2026-01-29 15:03:11,358 - INFO - Note: NumExpr detected 20 cores but "NUMEXPR_MAX_THREADS" not set, so enforcing safe limit of 8.
2026-01-29 15:03:11,358 - INFO - NumExpr defaulting to 8 threads.
2026-01-29 15:03:42,354 - INFO - Game started
2026-01-29 15:03:44,480 - INFO - Mode selected: Match
2026-01-29 15:03:46,272 - INFO - Difficulty selected: medium
2026-01-29 15:04:22,178 - INFO - Game started
2026-01-29 15:04:24,649 - INFO - Mode selected: Match
2026-01-29 15:04:26,281 - INFO - Difficulty selected: medium
2026-01-29 15:07:24,378 - INFO - Game started
2026-01-29 15:07:26,721 - INFO - Mode selected: Match
2026-01-29 15:07:28,881 - INFO - Difficulty selected: medium
2026-01-29 15:08:20,709 - INFO - Game started
2026-01-29 15:08:23,080 - INFO - Mode selected: Match
2026-01-29 15:08:25,096 - INFO - Difficulty selected: medium
2026-01-29 15:10:00,168 - INFO - Player ended the game
2026-01-29 15:10:04,737 - INFO - Player exited the game
2026-01-29 15:10:37,479 - INFO - Game started
2026-01-29 15:10:39,337 - INFO - Mode selected: Match
2026-01-29 15:10:40,448 - INFO - Difficulty selected: medium
2026-01-29 15:10:59,961 - INFO - Game started
2026-01-29 15:11:02,544 - INFO - Mode selected: Match
2026-01-29 15:11:04,249 - INFO - Difficulty selected: medium
2026-01-29 15:11:14,743 - INFO - Game started
2026-01-29 15:11:17,016 - INFO - Mode selected: Match
2026-01-29 15:11:19,105 - INFO - Difficulty selected: medium
2026-01-29 15:15:03,098 - INFO - Game started
2026-01-29 15:15:05,056 - INFO - Mode selected: Match
2026-01-29 15:15:07,191 - INFO - Difficulty selected: medium
2026-01-29 15:16:49,184 - INFO - Game started
2026-01-29 15:16:51,336 - INFO - Mode selected: Match
2026-01-29 15:16:52,648 - INFO - Difficulty selected: medium
2026-01-29 15:17:46,688 - INFO - Game started
2026-01-29 15:17:49,457 - INFO - Mode selected: Match
2026-01-29 15:17:51,784 - INFO - Difficulty selected: medium
2026-01-29 15:18:56,350 - INFO - Game started
2026-01-29 15:19:01,839 - INFO - Mode selected: Match
2026-01-29 15:19:03,096 - INFO - Difficulty selected: medium
2026-01-29 15:19:31,686 - INFO - Game started
2026-01-29 15:19:33,696 - INFO - Mode selected: Match
2026-01-29 15:19:37,009 - INFO - Difficulty selected: medium
2026-01-29 15:20:22,526 - INFO - Game started
2026-01-29 15:20:28,079 - INFO - Mode selected: Match
2026-01-29 15:20:29,393 - INFO - Difficulty selected: medium
2026-01-29 15:21:46,938 - INFO - Game started
2026-01-29 15:21:49,959 - INFO - Mode selected: Match
2026-01-29 15:21:51,584 - INFO - Difficulty selected: easy
2026-01-29 15:22:05,664 - INFO - Player ended the game
2026-01-29 15:22:06,631 - INFO - Player exited the game
2026-01-29 15:22:33,980 - INFO - Game started
2026-01-29 15:22:37,064 - INFO - Mode selected: Match
2026-01-29 15:22:40,312 - INFO - Difficulty selected: hard
2026-01-29 15:24:49,619 - INFO - Game started
2026-01-29 15:24:51,920 - INFO - Mode selected: Match
2026-01-29 15:24:54,480 - INFO - Difficulty selected: medium
2026-01-29 15:25:25,275 - INFO - Game started
2026-01-29 15:25:27,728 - INFO - Mode selected: Match
2026-01-29 15:25:29,784 - INFO - Difficulty selected: medium
2026-01-29 15:26:07,732 - INFO - Game started
2026-01-29 15:26:09,696 - INFO - Mode selected: Match
2026-01-29 15:26:11,128 - INFO - Difficulty selected: medium
2026-01-29 15:29:18,649 - INFO - Game started
2026-01-29 15:29:21,039 - INFO - Mode selected: Match
2026-01-29 15:29:22,344 - INFO - Difficulty selected: medium
2026-01-29 15:30:52,225 - INFO - Game started
2026-01-29 15:30:55,672 - INFO - Mode selected: Match
2026-01-29 15:30:58,312 - INFO - Difficulty selected: medium
2026-01-29 15:33:48,215 - INFO - Game started
2026-01-29 15:33:50,191 - INFO - Mode selected: Match
2026-01-29 15:33:51,511 - INFO - Difficulty selected: medium
2026-01-29 15:34:05,116 - INFO - Game started
2026-01-29 15:34:07,280 - INFO - Mode selected: Match
2026-01-29 15:34:08,248 - INFO - Difficulty selected: medium
2026-01-29 15:37:30,966 - INFO - Game started
2026-01-29 15:37:33,193 - INFO - Mode selected: Match
2026-01-29 15:37:34,513 - INFO - Difficulty selected: medium
2026-01-29 15:38:33,689 - INFO - Game started
2026-01-29 15:38:35,672 - INFO - Mode selected: Match
2026-01-29 15:38:36,736 - INFO - Difficulty selected: medium
2026-01-29 15:42:00,582 - INFO - Game started
2026-01-29 15:42:02,815 - INFO - Mode selected: Match
2026-01-29 15:42:04,289 - INFO - Difficulty selected: medium
2026-01-29 15:43:42,987 - INFO - Game started
2026-01-29 15:43:45,232 - INFO - Mode selected: Match
2026-01-29 15:43:46,800 - INFO - Difficulty selected: medium
2026-01-29 15:44:17,231 - INFO - Game started
2026-01-29 15:44:19,704 - INFO - Mode selected: Match
2026-01-29 15:44:21,112 - INFO - Difficulty selected: medium
2026-01-29 15:46:00,226 - INFO - Game started
2026-01-29 15:46:02,256 - INFO - Mode selected: Match
2026-01-29 15:46:03,496 - INFO - Difficulty selected: medium
2026-01-29 15:46:12,382 - INFO - Game started
2026-01-29 15:46:15,392 - INFO - Mode selected: Match
2026-01-29 15:46:16,087 - INFO - Difficulty selected: easy
2026-01-29 15:46:34,528 - INFO - Player ended the game
2026-01-29 15:46:35,936 - INFO - Player exited the game
2026-01-29 15:48:12,078 - INFO - Game started
2026-01-29 15:48:15,121 - INFO - Mode selected: Match
2026-01-29 15:48:16,712 - INFO - Difficulty selected: medium
2026-01-29 15:55:26,327 - INFO - Game started
2026-01-29 15:55:28,264 - INFO - Mode selected: Match
2026-01-29 15:55:29,384 - INFO - Difficulty selected: medium
2026-01-29 15:56:18,655 - INFO - Game started
2026-01-29 15:56:20,488 - INFO - Mode selected: Match
2026-01-29 15:56:21,536 - INFO - Difficulty selected: medium
2026-01-29 15:56:34,456 - INFO - Player ended the game
2026-01-29 15:56:36,000 - INFO - Player exited the game
2026-01-29 15:57:49,411 - INFO - Game started
2026-01-29 15:57:51,592 - INFO - Mode selected: Match
2026-01-29 15:57:52,880 - INFO - Difficulty selected: medium
2026-01-29 15:58:03,048 - INFO - Player ended the game
2026-01-29 15:58:03,904 - INFO - Player exited the game
2026-01-29 16:14:40,702 - INFO - Game started
2026-01-29 16:14:55,047 - INFO - Player exited the game
2026-01-29 16:31:58,832 - INFO - Game started
2026-01-29 16:33:10,417 - INFO - Game started
2026-01-29 16:33:12,960 - INFO - Mode selected: Guess
2026-01-29 16:33:14,751 - INFO - Difficulty selected: easy
2026-01-29 16:33:19,280 - INFO - Win | difficulty = guess_easy | number = 7
2026-01-29 16:33:21,199 - INFO - Player ended the game
2026-01-29 16:33:23,678 - INFO - Mode selected: Guess
2026-01-29 16:33:24,951 - INFO - Difficulty selected: medium
2026-01-29 16:33:28,744 - INFO - Loss | difficulty = guess_medium | number = 67
2026-01-29 16:33:32,375 - INFO - Player ended the game
2026-01-29 16:33:37,951 - INFO - Mode selected: Guess
2026-01-29 16:33:38,815 - INFO - Difficulty selected: hard
2026-01-29 16:33:40,407 - INFO - Loss | difficulty = guess_hard | number = 167
2026-01-29 16:33:41,928 - INFO - Player ended the game
2026-01-29 16:33:44,903 - INFO - Mode selected: Match
2026-01-29 16:33:46,583 - INFO - Difficulty selected: easy
2026-01-29 16:35:21,213 - INFO - Game started
2026-01-29 16:35:29,640 - INFO - Game started
2026-01-29 16:39:39,765 - INFO - Game started
2026-01-29 16:40:11,767 - INFO - Mode selected: Match
2026-01-29 16:40:13,790 - INFO - Difficulty selected: easy
2026-01-29 16:40:24,912 - INFO - Win | difficulty = match_easy
2026-01-29 16:40:26,792 - INFO - Player ended the game
2026-01-29 16:40:28,150 - INFO - Mode selected: Match
2026-01-29 16:40:29,943 - INFO - Difficulty selected: medium
2026-01-29 16:40:35,086 - INFO - Player ended the game
2026-01-29 16:40:36,894 - INFO - Mode selected: Match
2026-01-29 16:40:39,239 - INFO - Difficulty selected: hard
2026-01-29 16:40:42,751 - INFO - Player ended the game
2026-01-29 16:41:04,615 - INFO - Mode selected: Match
2026-01-29 16:41:06,288 - INFO - Difficulty selected: medium
2026-01-29 16:41:09,895 - INFO - Player ended the game
2026-01-29 16:41:19,336 - INFO - Player exited the game
2026-01-29 16:51:53,142 - INFO - Game started
2026-01-29 16:51:55,662 - INFO - Mode selected: Match
2026-01-29 16:51:56,878 - INFO - Difficulty selected: medium
2026-01-29 16:52:02,070 - INFO - Player ended the game
2026-01-29 16:52:15,446 - INFO - Player exited the game
2026-01-29 16:53:06,492 - INFO - Game started
2026-01-29 16:53:29,159 - INFO - Mode selected: Match
2026-01-29 16:53:30,534 - INFO - Difficulty selected: hard
2026-01-29 16:53:34,597 - INFO - Player ended the game
2026-01-29 16:53:56,110 - INFO - Player exited the game
2026-01-29 17:00:38,076 - INFO - Game started
2026-01-29 17:01:05,542 - INFO - Mode selected: Match
2026-01-29 17:01:07,623 - INFO - Difficulty selected: medium
2026-01-29 17:01:12,086 - INFO - Player ended the game
2026-01-29 17:01:27,134 - INFO - Mode selected: Match
2026-01-29 17:01:28,598 - INFO - Difficulty selected: easy
2026-01-29 17:01:41,104 - INFO - Win | difficulty = match_easy
2026-01-29 17:01:42,485 - INFO - Player ended the game
2026-01-29 17:02:47,877 - INFO - Mode selected: Match
2026-01-29 17:02:48,542 - INFO - Difficulty selected: easy
2026-01-29 17:02:58,383 - INFO - Win | difficulty = match_easy
2026-01-29 17:03:00,470 - INFO - Player started a new game on the same difficulty
2026-01-29 17:03:13,302 - INFO - Win | difficulty = match_easy
2026-01-29 17:03:15,342 - INFO - Player ended the game
2026-01-29 17:04:33,726 - INFO - Mode selected: Match
2026-01-29 17:04:35,086 - INFO - Difficulty selected: hard
2026-01-29 17:04:39,286 - INFO - Player ended the game
2026-01-29 17:04:54,310 - INFO - Player exited the game
2026-01-29 17:07:40,494 - INFO - Game started
2026-01-29 17:07:42,991 - INFO - Mode selected: Match
2026-01-29 17:07:45,815 - INFO - Difficulty selected: medium
2026-01-29 17:08:04,662 - INFO - Player ended the game
2026-01-29 17:08:22,046 - INFO - Player exited the game
2026-01-29 17:08:52,472 - INFO - Game started
2026-01-29 17:08:54,766 - INFO - Mode selected: Match
2026-01-29 17:08:56,287 - INFO - Difficulty selected: medium
2026-01-29 17:09:02,688 - INFO - Loss | difficulty = match_medium
2026-01-29 17:09:03,894 - INFO - Player ended the game
2026-01-29 17:09:34,214 - INFO - Player exited the game
2026-01-29 17:09:39,430 - INFO - Game started
2026-01-29 17:09:51,303 - INFO - Mode selected: Match
2026-01-29 17:09:52,158 - INFO - Difficulty selected: easy
2026-01-29 17:10:03,352 - INFO - Win | difficulty = match_easy
2026-01-29 17:10:04,470 - INFO - Player ended the game
2026-01-29 17:10:08,415 - INFO - Mode selected: Match
2026-01-29 17:10:09,902 - INFO - Difficulty selected: medium
2026-01-29 17:10:16,904 - INFO - Loss | difficulty = match_medium
2026-01-29 17:10:19,190 - INFO - Player ended the game
2026-01-29 17:10:21,462 - INFO - Mode selected: Match
2026-01-29 17:10:22,071 - INFO - Difficulty selected: hard
2026-01-29 17:10:29,336 - INFO - Loss | difficulty = match_hard
2026-01-29 17:10:30,822 - INFO - Player ended the game
2026-01-29 17:12:29,487 - INFO - Player exited the game
2026-01-29 17:12:35,837 - INFO - Game started
2026-01-29 17:12:45,862 - INFO - Mode selected: Guess
2026-01-29 17:12:46,583 - INFO - Difficulty selected: easy
2026-01-29 17:12:52,240 - INFO - Win | difficulty = guess_easy | number = 10
2026-01-29 17:12:53,886 - INFO - Player ended the game
2026-01-29 17:12:55,646 - INFO - Mode selected: Guess
2026-01-29 17:12:57,103 - INFO - Difficulty selected: medium
2026-01-29 17:13:12,351 - INFO - Win | difficulty = guess_medium | number = 9
2026-01-29 17:13:14,318 - INFO - Player ended the game
2026-01-29 17:13:18,022 - INFO - Mode selected: Guess
2026-01-29 17:13:19,863 - INFO - Difficulty selected: hard
2026-01-29 17:13:27,319 - INFO - Loss | difficulty = guess_hard | number = 327
2026-01-29 17:13:29,863 - INFO - Player ended the game
2026-01-29 17:17:53,710 - INFO - Player exited the game
2026-01-29 17:23:12,265 - INFO - Game started
2026-01-29 17:23:15,791 - INFO - Mode selected: Match
2026-01-29 17:23:16,703 - INFO - Difficulty selected: medium
2026-01-29 17:23:27,447 - INFO - Loss | difficulty = match_medium
2026-01-29 17:23:30,895 - INFO - Player ended the game
2026-01-29 17:24:00,519 - INFO - Mode selected: Match
2026-01-29 17:24:01,295 - INFO - Difficulty selected: hard
2026-01-29 17:24:06,055 - INFO - Loss | difficulty = match_hard
2026-01-29 17:24:07,295 - INFO - Player ended the game
2026-01-29 17:24:15,399 - INFO - Player exited the game
2026-01-29 17:29:20,467 - INFO - Game started
2026-01-29 17:29:23,845 - INFO - Mode selected: Match
2026-01-29 17:29:25,951 - INFO - Difficulty selected: medium
2026-01-29 17:29:30,895 - INFO - Loss | difficulty = match_medium
2026-01-29 17:29:32,350 - INFO - Player ended the game
2026-01-29 17:29:34,911 - INFO - Mode selected: Match
2026-01-29 17:29:35,558 - INFO - Difficulty selected: easy
2026-01-29 17:29:52,782 - INFO - Win | difficulty = match_easy
2026-01-29 17:29:59,446 - INFO - Player ended the game
2026-01-29 17:30:15,462 - INFO - Player exited the game
